         w __deregister_frame_info
         w __register_frame_info
         w userAppExit
         w userAppInit
00000000 b _TLS_MODULE_BASE_
00000000 00000802 B __ctru_dev_utf16_buf
00000000 A __sync_synchronize
00000000 a shift
00000000 a shift
00000804 00000401 B __ctru_dev_path_buf
00100000 A __start__
00100000 T _start
00100008 T __service_ptr
0010000c T __apt_appid
00100010 T __heap_size
00100014 T __linear_heap_size
00100018 T __system_arglist
0010001c T __system_runflags
00100020 t startup
00100058 t ClearMem
0010006c t ClrLoop
00100094 T _init
001000ac T __aeabi_idiv
001000ac 00000220 T __divsi3
001000b4 t .divsi3_skip_div0_test
001002cc 00000020 T __aeabi_idivmod
001002ec 00000004 W __aeabi_idiv0
001002ec 00000004 W __aeabi_ldiv0
001002f0 T __aeabi_uldivmod
00100348 00000390 T strcmp
001006d0 t .udivsi3_skip_div0_test
001006d0 T __aeabi_uidiv
001006d0 000001ec T __udivsi3
001008bc 00000020 T __aeabi_uidivmod
001008dc t __do_global_dtors_aux
0010091c t frame_dummy
00100948 00000040 T initializeGameMaze()
00100988 000000ac T drawMaze()
00100a34 0000009c T movePacMan()
00100ad0 00000154 T main
00100c24 0000045c t consoleHandleColorEsc
00101080 000000b8 t consoleColorStateShift
00101138 00000018 T consoleSelect
00101150 000001ac T consoleDrawChar
001012fc 0000011c T consolePrintChar
00101418 000005ec T con_write
00101a04 00000124 t newRow
00101b28 0000018c T consoleInit
00101cb4 000000b8 T consoleClear
00101d6c 000000d0 t gfxPresentFramebuffer
00101e3c 0000001c T gfxIsWide
00101e58 000000ec T gfxSetScreenFormat
00101f44 00000010 T gfxSetDoubleBuffering
00101f54 000000d8 T gfxInit
0010202c 00000010 T gfxInitDefault
0010203c 000000b4 T gfxExit
001020f0 000000a0 T gfxGetFramebuffer
00102190 00000100 T gfxFlushBuffers
00102290 00000050 T gfxSwapBuffers
001022e0 00000050 T gfxSwapBuffersGpu
00102330 000001b0 t aptConvertScreenForCapture
001024e0 00000008 W aptDspSleep
001024e8 00000004 W aptDspWakeup
001024ec 00000004 W aptDspCancel
001024f0 00000158 T aptSendCommand
00102648 00000044 t aptExitProcess
0010268c 00000380 T aptExit
00102a0c 000000d8 T aptHandleSleep
00102ae4 00000084 T APT_SleepIfShellClosed
00102b68 00000078 T aptSetSleepAllowed
00102be0 00000084 T APT_UnlockTransition
00102c68 00000478 t aptEventHandler
001030e0 000000b0 T APT_ReceiveParameter
00103190 000000ac t aptReceiveParameter.constprop.0
00103240 00000294 t aptScreenTransfer
001034d4 000002c8 t aptWaitForWakeUp.isra.0
0010379c 000000f4 T aptJumpToHomeMenu
00103890 00000048 T aptMainLoop
001038d8 0000022c T aptInit
00103b04 0000007c T APT_CheckNew3DS
00103b80 00000c70 t gspHardwareInit
001047f0 00000248 T gspInit
00104a38 000000e4 T gspExit
00104b1c 00000010 T gspHasGpuRight
00104b2c 000000a0 T gspPresentBuffer
00104bcc 00000044 T gspWaitForEvent
00104c10 00000004 W gxCmdQueueInterrupt
00104c14 00000160 t gspEventThreadMain
00104d74 00000050 T GSPGPU_FlushDataCache
00104dc4 00000034 T GSPGPU_SetLcdForceBlack
00104df8 00000068 T GSPGPU_AcquireRight
00104e60 00000048 T GSPGPU_ReleaseRight
00104ea8 0000007c T GSPGPU_ImportDisplayCaptureInfo
00104f24 0000002c T GSPGPU_SaveVramSysArea
00104f50 0000002c T GSPGPU_RestoreVramSysArea
00104f7c 00000024 W hidShouldUseIrrst
00104fa0 0000018c T hidInit
0010512c 000000e8 T hidExit
00105214 000002a4 T hidScanInput
001054b8 00000010 T hidKeysDown
001054c8 00000160 T irrstInit
00105628 000000cc T irrstExit
001056f4 000000b4 T irrstScanInput
001057a8 00000024 T irrstKeysHeld
001057cc 00000038 W __libctru_init
00105804 00000160 W __system_initArgv
00105964 00000030 T __syscall_getreent
00105994 00000004 T __syscall_lock_acquire
00105998 00000004 T __syscall_lock_release
0010599c 00000004 T __syscall_lock_acquire_recursive
001059a0 00000004 T __syscall_lock_release_recursive
001059a4 00000004 T __syscall_exit
001059a8 00000050 T initThreadVars
001059f8 00000080 T __system_initSyscalls
00105a78 T svcControlMemory
00105a98 T svcQueryMemory
00105ac8 T svcExitProcess
00105ad0 T svcCreateThread
00105af0 T svcExitThread
00105af8 T svcSleepThread
00105b00 T svcReleaseMutex
00105b08 T svcCreateEvent
00105b1c T svcSignalEvent
00105b24 T svcClearEvent
00105b2c T svcMapMemoryBlock
00105b34 T svcUnmapMemoryBlock
00105b3c T svcCreateAddressArbiter
00105b50 T svcArbitrateAddressNoTimeout
00105b58 T svcCloseHandle
00105b60 T svcWaitSynchronization
00105b68 T svcWaitSynchronizationN
00105b90 T svcDuplicateHandle
00105ba4 T svcConnectToPort
00105bb8 T svcSendSyncRequest
00105bc0 T svcGetResourceLimit
00105bd4 T svcGetResourceLimitLimitValues
00105bdc T svcGetResourceLimitCurrentValues
00105be4 T svcBreak
00105bec W initSystem
00105c3c W __ctru_exit
00105c50 00000024 t addrMapNodeComparator(rbtree_node const*, rbtree_node const*)
00105c74 00000004 t addrMapNodeDestructor(rbtree_node*)
00105c78 00000120 T linearMemAlign
00105d98 00000008 T linearAlloc
00105da0 0000005c T linearFree
00105dfc 00000084 T MemPool::CoalesceRight(MemBlock*)
00105e80 00000150 T MemPool::Allocate(MemChunk&, unsigned long, int)
00105fd0 000000fc T MemPool::Deallocate(MemChunk const&)
001060cc 00000030 T MemPool::GetFreeSpace()
001060fc 00000024 t addrMapNodeComparator(rbtree_node const*, rbtree_node const*)
00106120 00000004 t addrMapNodeDestructor(rbtree_node*)
00106124 00000244 T vramMemAlignAt
00106368 0000000c T vramAlloc
00106374 00000090 T vramFree
00106404 00000084 W envGetHandle
00106488 00000050 W envDestroyHandles
001064d8 00000034 T __ctru_speedup_config
0010650c 0000012c T srvInit
00106638 00000058 T srvExit
00106690 00000060 T srvEnableNotification
001066f0 000000a0 T srvGetServiceHandleDirect
00106790 00000038 T srvGetServiceHandle
001067c8 00000034 T srvSubscribe
001067fc 00000060 T srvReceiveNotification
0010685c 00000038 T srvPublishToSubscriber
00106894 0000000c T __sync_init
001068a0 00000018 T __sync_fini
001068b8 0000002c T syncArbitrateAddress
001068e4 000000b0 T LightLock_Lock
00106994 00000040 T LightLock_Unlock
001069d4 00000030 T RecursiveLock_Lock
00106a04 00000054 T RecursiveLock_Unlock
00106a58 00000040 T LightEvent_Init
00106a98 000000a4 T LightEvent_Clear
00106b3c 000000c8 T LightEvent_Signal
00106c04 00000050 T LightEvent_TryWait
00106c54 000000a0 T LightEvent_Wait
00106cf4 000001d4 T threadCreate
00106ec8 0000002c T threadFree
00106ef4 00000024 T threadJoin
00106f18 00000030 T threadGetCurrent
00106f48 00000040 T threadExit
00106f88 00000020 t _thread_begin
00106fa8 00000090 t mappableFindAddressWithin
00107038 00000028 T mappableInit
00107060 00000080 T mappableAlloc
001070e0 00000004 T mappableFree
001070e4 00000074 T ptmSysmInit
00107158 0000003c T ptmSysmExit
00107194 00000034 T PTMSYSM_ConfigureNew3DSCPU
001071c8 0000000c T srvPmGetSessionHandle
001071d4 00000074 T rbtree_find
00107248 00000010 T rbtree_init
00107258 0000019c t do_insert
001073f4 00000008 T rbtree_insert
001073fc 00000310 T rbtree_remove
0010770c 00000090 T rbtree_rotate
001077a0 000001e0 W __system_allocateHeaps
00107980 00000030 W __appExit
001079b0 00000030 W __appInit
001079e0 00000090 W __libctru_exit
00107a70 00000014 t archive_link
00107a84 00000014 t archive_dirreset
00107a98 00000014 t archive_chmod
00107aac 00000024 t error_cmp
00107ad0 00000050 t archive_translate_error
00107b20 000000c4 t archive_seek
00107be4 00000078 t _archiveInit.part.0
00107c5c 000000c4 t archiveFindDevice.part.0
00107d20 00000290 t archive_utf16path
00107fb0 0000009c t _archiveUnmountDeviceStruct.part.0
0010804c 00000014 t archive_statvfs
00108060 00000014 t archive_fchmod
00108074 00000168 t _archiveMountDevice
001081dc 000000e8 t archive_diropen
001082c4 000000a4 t archive_fstat
00108368 0000006c t archive_fsync
001083d4 0000006c t archive_close
00108440 00000070 t archive_dirclose
001084b0 000000e4 t sdmc_statvfs
00108594 000000ec t archive_chdir
00108680 0000007c t archive_ftruncate
001086fc 000000ac t archive_read
001087a8 000000a4 t archive_unlink
0010884c 000000bc t archive_rmdir
00108908 000000dc t archive_mkdir
001089e4 00000194 t archive_stat
00108b78 0000015c t archive_dirnext
00108cd4 00000124 t archive_write
00108df8 00000210 t archive_open
00109008 00000268 t archive_rename
00109270 0000019c T archiveMountSdmc
0010940c 00000054 T archiveUnmountAll
00109460 000000d0 T fsInit
00109530 0000003c T fsExit
0010956c 00000060 T fsExemptFromSession
001095cc 00000050 T fsUnexemptFromSession
0010961c 000000cc T FSUSER_OpenFile
001096e8 000000bc T FSUSER_DeleteFile
001097a4 000000f8 T FSUSER_RenameFile
0010989c 000000bc T FSUSER_DeleteDirectory
00109958 000000d4 T FSUSER_CreateFile
00109a2c 000000c4 T FSUSER_CreateDirectory
00109af0 000000f8 T FSUSER_RenameDirectory
00109be8 000000b4 T FSUSER_OpenDirectory
00109c9c 00000094 T FSUSER_OpenArchive
00109d30 0000008c T FSUSER_CloseArchive
00109dbc 00000074 T FSUSER_GetSdmcArchiveResource
00109e30 00000064 T FSUSER_IsSdmcWritable
00109e94 00000058 T FSFILE_Read
00109eec 00000060 T FSFILE_Write
00109f4c 00000038 T FSFILE_GetSize
00109f84 00000028 T FSFILE_SetSize
00109fac 0000003c T FSFILE_Close
00109fe8 00000024 T FSFILE_Flush
0010a00c 00000050 T FSDIR_Read
0010a05c 0000003c T FSDIR_Close
0010a098 0000005c T rbtree_node_next
0010a0f4 0000013c T decode_utf8
0010a230 000000e8 T utf16_to_utf8
0010a318 000000c0 T utf8_to_utf16
0010a3d8 T __aeabi_read_tp
0010a3e4 00000064 T decode_utf16
0010a448 00000054 T encode_utf16
0010a49c 000000e0 T encode_utf8
0010a57c 00000120 T __udivmoddi4
0010a69c 000000d8 T strncmp
0010a774 0000005c T strlen
0010a7d0 0000001c T putchar
0010a7ec 000001e4 t _strtoul_l.isra.0
0010a9d0 00000034 T strtoul
0010aa04 000000e4 T strncat
0010aae8 00000078 T bsearch
0010ab60 00000020 T memalign
0010ab80 0000001c t stdio_exit_handler
0010ab9c 0000005c t cleanup_stdio
0010abf8 00000154 t global_stdio_init.part.0
0010ad4c 0000005c T __sinit
0010ada8 0000000c T __sfp_lock_acquire
0010adb4 0000000c T __sfp_lock_release
0010adc0 000007e8 T _malloc_r
0010b5a8 000000dc T _putc_r
0010b684 000000f8 T _malloc_trim_r
0010b77c 00000300 T _free_r
0010ba7c 00000294 T setvbuf
0010bd10 0000004c T strnlen
0010bd5c 0000000c T __errno
0010bd68 00000034 T malloc
0010bd9c 00000018 T free
0010bdb4 00000130 T memcpy
0010bee4 00000034 T printf
0010bf18 000000e0 T _puts_r
0010bff8 00000018 T puts
0010c010 000000e8 T memset
0010c0f8 00000070 T _fwalk_sglue
0010c168 0000000c T __malloc_lock
0010c174 0000000c T __malloc_unlock
0010c180 00000004 W __call_exitprocs
0010c184 00000030 T exit
0010c1b4 000000c4 T strncpy
0010c278 00000084 T __libc_init_array
0010c2fc 00000228 T __sflush_r
0010c524 00000094 T _fflush_r
0010c5b8 00000480 T __sfvwrite_r
0010ca38 00000150 T _memalign_r
0010cb88 000000e0 T memchr
0010cc68 00000108 T __swbuf_r
0010cd70 0000003c T __libc_fini_array
0010cdac 00000044 T __sread
0010cdf0 00000068 T __swrite
0010ce58 00000040 T __sseek
0010ce98 00000008 T __sclose
0010cea0 00000148 T _fclose_r
0010cfe8 000005e4 t get_arg
0010d5d0 0000342c T _vfprintf_r
001109fc 000000b8 t __sbprintf
00110ab4 00000144 T __smakebuf_r
00110bf8 0000008c T __swhatbuf_r
00110c84 000001b4 t quorem
00110e38 00001370 T _dtoa_r
001121a8 000000a0 T _wcrtomb_r
00112248 000004a4 T _realloc_r
001126ec 00000028 T _wcsrtombs_r
00112714 00000194 T __swsetup_r
001128a8 00000088 T frexp
00112930 00000160 T memmove
00112a90 0000005c T __assert_func
00112aec 00000088 T _Balloc
00112b74 0000001c T _Bfree
00112b90 000000f4 T __multadd
00112c84 00000080 T __hi0bits
00112d04 000000f4 T __lo0bits
00112df8 000000a4 T __i2b
00112e9c 00000208 T __multiply
001130a4 00000130 T __pow5mult
001131d4 00000138 T __lshift
0011330c 00000058 T __mcmp
00113364 000001f0 T __mdiff
00113554 00000120 T __d2b
00113674 00000024 T __locale_mb_cur_max
00113698 0000003c T fiprintf
001136d4 00000160 T _wcsnrtombs_l
00113834 00000064 T _wcsnrtombs_r
00113898 00000324 T __utf8_mbtowc
00113bbc 00000030 T __sprint_r
00113bec 00000014 T abort
00113c00 00000024 T _localeconv_r
00113c24 000000c0 T _calloc_r
00113ce4 000000f0 T __utf8_wctomb
00113dd4 00000130 T strchr
00113f04 00000090 T _raise_r
00113f94 00000018 T raise
00113fac 000005e4 t get_arg
00114590 00002264 T _vfiprintf_r
001167f4 000000b8 t __sbprintf
001168ac 00000020 T _exit
001168cc 0000013c T chdir
00116a08 000001cc T _concatenate_path
00116bd4 00000088 T _fstat_r
00116c5c 00000014 T _getpid_r
00116c70 0000002c T __getreent
00116c9c 0000003c T __get_handle
00116cd8 000000f4 T _close_r
00116dcc 00000008 t null_write
00116dd4 00000018 T setDefaultDevice
00116dec 000000c8 T FindDevice
00116eb4 00000028 T RemoveDevice
00116edc 00000098 T AddDevice
00116f74 00000020 T GetDeviceOpTab
00116f94 00000008 T _isatty_r
00116f9c 00000014 T _kill_r
00116fb0 0000008c T _lseek_r
0011703c 00000088 T _read_r
001170c4 00000078 W _sbrk_r
0011713c 0000001c T __libc_lock_acquire
00117158 0000001c T __libc_lock_release
00117174 0000001c T __libc_lock_acquire_recursive
00117190 0000001c T __libc_lock_release_recursive
001171ac 00000088 T _write_r
00117234 00000048 T strrchr
0011727c T _fini
00118014 000003c9 r maze
00118518 r .LC2
001186f4 00000080 r dotab_stdout
00118774 00000018 r grayScale
0011878c 00000006 r colorCube
00118794 00000030 r colorTable
001187e0 00000008 r morton_y.2
001187e8 00000008 r morton_x.3
001187f0 00000008 r s_sleepWakeEvents.4
001187f8 R default_font_bin
00118ff8 R default_font_bin_end
00118ff8 00000030 r error_table
00119028 00000080 r archive_devoptab
001190a8 00000101 R _ctype_
001192d0 00000010 r zeroes.0
001192e0 00000010 r blanks.1
001192f8 0000006c R __action_table
00119364 0000006c R __state_table
001193d0 00000100 R __chclass
001194d0 0000000c r p05.0
001194e0 00000028 R __mprec_bigtens
00119508 000000c8 R __mprec_tens
001196bc 00000010 r zeroes.0
001196cc 00000010 r blanks.1
001196dc 00000080 R dotab_stdnull
0011975c R __tdata_align
00119760 r __EH_FRAME_BEGIN__
00119760 R __exidx_end
00119760 R __exidx_start
0011a000 00000010 D pacman
0011a010 00000001 d firstConsoleInit.0
0011a014 00000004 D currentConsole
0011a018 00000048 D defaultConsole
0011a060 00000004 d aptChainloadDeliverArgSize
0011a064 00000004 d kCount
0011a068 00000004 d kInterval
0011a06c 00000004 d kDelay
0011a070 W __stacksize__
0011a074 00000004 D _impure_ptr
0011a078 00000120 D _impure_data
0011a198 0000000c D __sglue
0011a1a4 00000004 D __malloc_sbrk_base
0011a1a8 00000004 D __malloc_trim_threshold
0011a1b0 00000408 D __malloc_av_
0011a5b8 0000016c D __global_locale
0011a724 00000400 d _current_working_directory
0011ab28 00001000 d handles
0011bb28 0000000c d __stderr_handle
0011bb34 0000000c d __stdout_handle
0011bb40 0000000c d __stdin_handle
0011bb4c 0000008c D devoptab_list
0011bbd8 00000004 d defaultDevice
0011bbe4 d _GLOBAL_OFFSET_TABLE_
0011bbf0 d __frame_dummy_init_array_entry
0011bbf0 D __init_array_start
0011bbf0 B __preinit_array_end
0011bbf0 B __preinit_array_start
0011bbf0 D __tdata_lma
0011bbf0 D __tdata_lma_end
0011bbf4 d __do_global_dtors_aux_fini_array_entry
0011bbf4 D __fini_array_start
0011bbf4 D __init_array_end
0011bbf8 D __bss_start__
0011bbf8 D __fini_array_end
0011bbf8 000003c9 B gameMaze
0011bfc4 00000048 B topScreen
0011c00c 00000048 B bottomScreen
0011c054 b completed.1
0011c058 b object.0
0011c070 0000001c b escapeSeq
0011c08c 00000048 B currentCopy
0011c0d4 00000004 b screenAlloc
0011c0d8 00000004 b screenFree
0011c0dc 00000002 b gfxIsDoubleBuf
0011c0e0 00000002 b gfxCurBuf
0011c0e2 00000001 b gfxIsVram
0011c0e3 00000001 b gfxTopMode
0011c0e4 00000002 b gfxFramebufferFormats
0011c0e8 00000004 b gfxBottomFramebufferMaxSize
0011c0ec 00000004 b gfxTopFramebufferMaxSize
0011c0f0 00000008 b gfxBottomFramebuffers
0011c0f8 00000008 b gfxTopFramebuffers
0011c100 00000001 b flagValue.0
0011c101 00000001 b flagInit.1
0011c104 00000004 b serviceName.6
0011c108 00000001 b aptChainloadFlags
0011c109 00000001 b aptChainloadMediatype
0011c10c 00000020 b aptChainloadHmac
0011c12c 00000300 b aptChainloadDeliverArg
0011c430 00000008 b aptChainloadTid
0011c438 00001000 b aptParameters
0011d438 00000004 b aptFlags
0011d43c 00000001 b aptHomeButtonState
0011d440 00000004 b aptMessageFuncData
0011d444 00000004 b aptMessageFunc
0011d448 0000000c b aptFirstHook
0011d454 00000001 b aptEventHandlerThreadQuit
0011d458 00000004 b aptEventHandlerThread
0011d45c 00000008 b aptSleepEvent
0011d464 00000008 b aptReceiveEvent
0011d46c 00000008 b aptEvents
0011d474 00000004 b aptLockHandle
0011d478 00000004 b aptRefCount
0011d47c 00000007 b gspEventCbOneShot
0011d484 0000001c b gspEventCbData
0011d4a0 0000001c b gspEventCb
0011d4bc 00000038 b gspEvents
0011d4f4 00000004 b gspLastEvent
0011d4f8 00000001 b gspRunEvents
0011d4fc 00000004 b gspEventThread
0011d500 00000004 b gspEvent
0011d504 00000001 b gspGpuRight
0011d505 00000001 b gspThreadId
0011d508 00000004 b gspSharedMem
0011d50c 00000004 b gspSharedMemHandle
0011d510 00000004 b gspRefCount
0011d514 00000004 b gspGpuHandle
0011d518 00000001 b usingIrrst
0011d51c 00000004 b hidRefCount
0011d520 00000006 b gRate
0011d528 00000006 b aVec
0011d530 00000004 b cPos
0011d534 00000004 b tPos
0011d538 00000004 b kRepeat
0011d53c 00000004 b kUp
0011d540 00000004 b kDown
0011d544 00000004 b kHeld
0011d548 00000004 b kOld
0011d54c 00000004 B hidSharedMem
0011d550 00000014 B hidEvents
0011d564 00000004 B hidMemHandle
0011d568 00000004 B hidHandle
0011d56c 00000004 b irrstRefCount
0011d570 00000004 b csPos
0011d574 00000004 b kHeld
0011d578 00000004 B irrstSharedMem
0011d57c 00000004 B irrstEvent
0011d580 00000004 B irrstMemHandle
0011d584 00000004 B irrstHandle
0011d588 00000004 B __system_retAddr
0011d58c 00000004 B __system_argv
0011d590 00000004 B __system_argc
0011d594 b saved_stack
0011d5a0 00000008 b sLinearPool
0011d5a8 0000000c b sAddrMap
0011d5b8 00000008 b sVramPoolB
0011d5c0 00000008 b sVramPoolA
0011d5c8 0000000c b sAddrMap
0011d5d4 00000004 B __3dslink_host
0011d5d8 00000001 V __ctru_speedup
0011d5dc 00000004 b srvRefCount
0011d5e0 00000004 b srvHandle
0011d5e4 00000004 b arbiter
0011d5e8 00000004 b currentAddr
0011d5ec 00000004 b maxAddr
0011d5f0 00000004 b minAddr
0011d5f4 00000004 b ptmSysmRefCount
0011d5f8 00000004 b ptmSysmHandle
0011d5fc 00000004 b srvPmHandle
0011d600 00000004 V __ctru_linear_heap_size
0011d604 00000004 V __ctru_heap_size
0011d608 00000004 B __ctru_linear_heap
0011d60c 00000004 B __ctru_heap
0011d610 000005c0 b archive_devices
0011dbd0 00000004 b archive_device_cwd
0011dbd4 00000001 b archive_initialized
0011dbd8 00000080 b fsExemptArchives
0011dc58 00000004 b fsuRefCount
0011dc5c 00000004 b fsuHandle
0011dc60 0000000c b __sfp_recursive_mutex
0011dc70 00000168 B __sf
0011ddd8 00000004 B __stdio_exit_handler
0011dddc 00000028 B __malloc_current_mallinfo
0011de04 00000004 B __malloc_max_total_mem
0011de08 00000004 B __malloc_max_sbrked_mem
0011de0c 00000004 B __malloc_top_pad
0011de10 0000000c b __malloc_recursive_mutex
0011de1c 00000400 b temp_cwd
0011e21c 00000004 b __hndl_lock
0011e220 00000004 B fake_heap_start
0011e224 00000004 B fake_heap_end
0011e228 00000004 b heap_start.0
0011e22c B __tls_start
0011ee34 B __bss_end__
0011ee34 A __end__
0011ee34 B __tls_end
