         w __deregister_frame_info
         w __register_frame_info
         w userAppExit
         w userAppInit
00000000 b _TLS_MODULE_BASE_
00000000 00000802 B __ctru_dev_utf16_buf
00000000 A __sync_synchronize
00000000 a shift
00000000 a shift
00000804 00000401 B __ctru_dev_path_buf
00100000 A __start__
00100000 T _start
00100008 T __service_ptr
0010000c T __apt_appid
00100010 T __heap_size
00100014 T __linear_heap_size
00100018 T __system_arglist
0010001c T __system_runflags
00100020 t startup
00100058 t ClearMem
0010006c t ClrLoop
00100094 T _init
001000ac T __aeabi_idiv
001000ac 00000220 T __divsi3
001000b4 t .divsi3_skip_div0_test
001002cc 00000020 T __aeabi_idivmod
001002ec 00000004 W __aeabi_idiv0
001002ec 00000004 W __aeabi_ldiv0
001002f0 T __aeabi_uldivmod
00100348 00000390 T strcmp
001006d0 t .udivsi3_skip_div0_test
001006d0 T __aeabi_uidiv
001006d0 000001ec T __udivsi3
001008bc 00000020 T __aeabi_uidivmod
001008dc t __do_global_dtors_aux
0010091c t frame_dummy
00100948 00000494 T initializeGameMaze()
00100ddc 000000cc T drawMaze()
00100ea8 0000004c T renderPauseMenu()
00100ef4 0000009c T movePacMan()
00100f90 00000264 T main
001011f4 0000045c t consoleHandleColorEsc
00101650 000000b8 t consoleColorStateShift
00101708 00000018 T consoleSelect
00101720 000001ac T consoleDrawChar
001018cc 0000011c T consolePrintChar
001019e8 000005ec T con_write
00101fd4 00000124 t newRow
001020f8 0000018c T consoleInit
00102284 000000b8 T consoleClear
0010233c 000000d0 t gfxPresentFramebuffer
0010240c 0000001c T gfxIsWide
00102428 000000ec T gfxSetScreenFormat
00102514 00000010 T gfxSetDoubleBuffering
00102524 000000d8 T gfxInit
001025fc 00000010 T gfxInitDefault
0010260c 000000b4 T gfxExit
001026c0 000000a0 T gfxGetFramebuffer
00102760 00000100 T gfxFlushBuffers
00102860 00000050 T gfxSwapBuffers
001028b0 00000050 T gfxSwapBuffersGpu
00102900 000001b0 t aptConvertScreenForCapture
00102ab0 00000008 W aptDspSleep
00102ab8 00000004 W aptDspWakeup
00102abc 00000004 W aptDspCancel
00102ac0 00000158 T aptSendCommand
00102c18 00000044 t aptExitProcess
00102c5c 00000380 T aptExit
00102fdc 000000d8 T aptHandleSleep
001030b4 00000084 T APT_SleepIfShellClosed
00103138 00000078 T aptSetSleepAllowed
001031b0 00000084 T APT_UnlockTransition
00103238 00000478 t aptEventHandler
001036b0 000000b0 T APT_ReceiveParameter
00103760 000000ac t aptReceiveParameter.constprop.0
00103810 00000294 t aptScreenTransfer
00103aa4 000002c8 t aptWaitForWakeUp.isra.0
00103d6c 000000f4 T aptJumpToHomeMenu
00103e60 00000048 T aptMainLoop
00103ea8 0000022c T aptInit
001040d4 0000007c T APT_CheckNew3DS
00104150 00000c70 t gspHardwareInit
00104dc0 00000248 T gspInit
00105008 000000e4 T gspExit
001050ec 00000010 T gspHasGpuRight
001050fc 000000a0 T gspPresentBuffer
0010519c 00000044 T gspWaitForEvent
001051e0 00000004 W gxCmdQueueInterrupt
001051e4 00000160 t gspEventThreadMain
00105344 00000050 T GSPGPU_FlushDataCache
00105394 00000034 T GSPGPU_SetLcdForceBlack
001053c8 00000068 T GSPGPU_AcquireRight
00105430 00000048 T GSPGPU_ReleaseRight
00105478 0000007c T GSPGPU_ImportDisplayCaptureInfo
001054f4 0000002c T GSPGPU_SaveVramSysArea
00105520 0000002c T GSPGPU_RestoreVramSysArea
0010554c 00000024 W hidShouldUseIrrst
00105570 0000018c T hidInit
001056fc 000000e8 T hidExit
001057e4 000002a4 T hidScanInput
00105a88 00000010 T hidKeysDown
00105a98 00000160 T irrstInit
00105bf8 000000cc T irrstExit
00105cc4 000000b4 T irrstScanInput
00105d78 00000024 T irrstKeysHeld
00105d9c 00000038 W __libctru_init
00105dd4 00000160 W __system_initArgv
00105f34 00000030 T __syscall_getreent
00105f64 00000004 T __syscall_lock_acquire
00105f68 00000004 T __syscall_lock_release
00105f6c 00000004 T __syscall_lock_acquire_recursive
00105f70 00000004 T __syscall_lock_release_recursive
00105f74 00000004 T __syscall_exit
00105f78 00000050 T initThreadVars
00105fc8 00000080 T __system_initSyscalls
00106048 T svcControlMemory
00106068 T svcQueryMemory
00106098 T svcExitProcess
001060a0 T svcCreateThread
001060c0 T svcExitThread
001060c8 T svcSleepThread
001060d0 T svcReleaseMutex
001060d8 T svcCreateEvent
001060ec T svcSignalEvent
001060f4 T svcClearEvent
001060fc T svcMapMemoryBlock
00106104 T svcUnmapMemoryBlock
0010610c T svcCreateAddressArbiter
00106120 T svcArbitrateAddressNoTimeout
00106128 T svcCloseHandle
00106130 T svcWaitSynchronization
00106138 T svcWaitSynchronizationN
00106160 T svcDuplicateHandle
00106174 T svcConnectToPort
00106188 T svcSendSyncRequest
00106190 T svcGetResourceLimit
001061a4 T svcGetResourceLimitLimitValues
001061ac T svcGetResourceLimitCurrentValues
001061b4 T svcBreak
001061bc W initSystem
0010620c W __ctru_exit
00106220 00000024 t addrMapNodeComparator(rbtree_node const*, rbtree_node const*)
00106244 00000004 t addrMapNodeDestructor(rbtree_node*)
00106248 00000120 T linearMemAlign
00106368 00000008 T linearAlloc
00106370 0000005c T linearFree
001063cc 00000084 T MemPool::CoalesceRight(MemBlock*)
00106450 00000150 T MemPool::Allocate(MemChunk&, unsigned long, int)
001065a0 000000fc T MemPool::Deallocate(MemChunk const&)
0010669c 00000030 T MemPool::GetFreeSpace()
001066cc 00000024 t addrMapNodeComparator(rbtree_node const*, rbtree_node const*)
001066f0 00000004 t addrMapNodeDestructor(rbtree_node*)
001066f4 00000244 T vramMemAlignAt
00106938 0000000c T vramAlloc
00106944 00000090 T vramFree
001069d4 00000084 W envGetHandle
00106a58 00000050 W envDestroyHandles
00106aa8 00000034 T __ctru_speedup_config
00106adc 0000012c T srvInit
00106c08 00000058 T srvExit
00106c60 00000060 T srvEnableNotification
00106cc0 000000a0 T srvGetServiceHandleDirect
00106d60 00000038 T srvGetServiceHandle
00106d98 00000034 T srvSubscribe
00106dcc 00000060 T srvReceiveNotification
00106e2c 00000038 T srvPublishToSubscriber
00106e64 0000000c T __sync_init
00106e70 00000018 T __sync_fini
00106e88 0000002c T syncArbitrateAddress
00106eb4 000000b0 T LightLock_Lock
00106f64 00000040 T LightLock_Unlock
00106fa4 00000030 T RecursiveLock_Lock
00106fd4 00000054 T RecursiveLock_Unlock
00107028 00000040 T LightEvent_Init
00107068 000000a4 T LightEvent_Clear
0010710c 000000c8 T LightEvent_Signal
001071d4 00000050 T LightEvent_TryWait
00107224 000000a0 T LightEvent_Wait
001072c4 000001d4 T threadCreate
00107498 0000002c T threadFree
001074c4 00000024 T threadJoin
001074e8 00000030 T threadGetCurrent
00107518 00000040 T threadExit
00107558 00000020 t _thread_begin
00107578 00000090 t mappableFindAddressWithin
00107608 00000028 T mappableInit
00107630 00000080 T mappableAlloc
001076b0 00000004 T mappableFree
001076b4 00000074 T ptmSysmInit
00107728 0000003c T ptmSysmExit
00107764 00000034 T PTMSYSM_ConfigureNew3DSCPU
00107798 0000000c T srvPmGetSessionHandle
001077a4 00000074 T rbtree_find
00107818 00000010 T rbtree_init
00107828 0000019c t do_insert
001079c4 00000008 T rbtree_insert
001079cc 00000310 T rbtree_remove
00107cdc 00000090 T rbtree_rotate
00107d70 000001e0 W __system_allocateHeaps
00107f50 00000030 W __appExit
00107f80 00000030 W __appInit
00107fb0 00000090 W __libctru_exit
00108040 00000014 t archive_link
00108054 00000014 t archive_dirreset
00108068 00000014 t archive_chmod
0010807c 00000024 t error_cmp
001080a0 00000050 t archive_translate_error
001080f0 000000c4 t archive_seek
001081b4 00000078 t _archiveInit.part.0
0010822c 000000c4 t archiveFindDevice.part.0
001082f0 00000290 t archive_utf16path
00108580 0000009c t _archiveUnmountDeviceStruct.part.0
0010861c 00000014 t archive_statvfs
00108630 00000014 t archive_fchmod
00108644 00000168 t _archiveMountDevice
001087ac 000000e8 t archive_diropen
00108894 000000a4 t archive_fstat
00108938 0000006c t archive_fsync
001089a4 0000006c t archive_close
00108a10 00000070 t archive_dirclose
00108a80 000000e4 t sdmc_statvfs
00108b64 000000ec t archive_chdir
00108c50 0000007c t archive_ftruncate
00108ccc 000000ac t archive_read
00108d78 000000a4 t archive_unlink
00108e1c 000000bc t archive_rmdir
00108ed8 000000dc t archive_mkdir
00108fb4 00000194 t archive_stat
00109148 0000015c t archive_dirnext
001092a4 00000124 t archive_write
001093c8 00000210 t archive_open
001095d8 00000268 t archive_rename
00109840 0000019c T archiveMountSdmc
001099dc 00000054 T archiveUnmountAll
00109a30 000000d0 T fsInit
00109b00 0000003c T fsExit
00109b3c 00000060 T fsExemptFromSession
00109b9c 00000050 T fsUnexemptFromSession
00109bec 000000cc T FSUSER_OpenFile
00109cb8 000000bc T FSUSER_DeleteFile
00109d74 000000f8 T FSUSER_RenameFile
00109e6c 000000bc T FSUSER_DeleteDirectory
00109f28 000000d4 T FSUSER_CreateFile
00109ffc 000000c4 T FSUSER_CreateDirectory
0010a0c0 000000f8 T FSUSER_RenameDirectory
0010a1b8 000000b4 T FSUSER_OpenDirectory
0010a26c 00000094 T FSUSER_OpenArchive
0010a300 0000008c T FSUSER_CloseArchive
0010a38c 00000074 T FSUSER_GetSdmcArchiveResource
0010a400 00000064 T FSUSER_IsSdmcWritable
0010a464 00000058 T FSFILE_Read
0010a4bc 00000060 T FSFILE_Write
0010a51c 00000038 T FSFILE_GetSize
0010a554 00000028 T FSFILE_SetSize
0010a57c 0000003c T FSFILE_Close
0010a5b8 00000024 T FSFILE_Flush
0010a5dc 00000050 T FSDIR_Read
0010a62c 0000003c T FSDIR_Close
0010a668 0000005c T rbtree_node_next
0010a6c4 0000013c T decode_utf8
0010a800 000000e8 T utf16_to_utf8
0010a8e8 000000c0 T utf8_to_utf16
0010a9a8 T __aeabi_read_tp
0010a9b4 00000064 T decode_utf16
0010aa18 00000054 T encode_utf16
0010aa6c 000000e0 T encode_utf8
0010ab4c 00000120 T __udivmoddi4
0010ac6c 000000d8 T strncmp
0010ad44 0000005c T strlen
0010ada0 0000001c T putchar
0010adbc 000001e4 t _strtoul_l.isra.0
0010afa0 00000034 T strtoul
0010afd4 000000e4 T strncat
0010b0b8 00000078 T bsearch
0010b130 00000020 T memalign
0010b150 0000001c t stdio_exit_handler
0010b16c 0000005c t cleanup_stdio
0010b1c8 00000154 t global_stdio_init.part.0
0010b31c 0000005c T __sinit
0010b378 0000000c T __sfp_lock_acquire
0010b384 0000000c T __sfp_lock_release
0010b390 000007e8 T _malloc_r
0010bb78 000000dc T _putc_r
0010bc54 000000f8 T _malloc_trim_r
0010bd4c 00000300 T _free_r
0010c04c 00000294 T setvbuf
0010c2e0 0000004c T strnlen
0010c32c 0000000c T __errno
0010c338 00000034 T malloc
0010c36c 00000018 T free
0010c384 00000130 T memcpy
0010c4b4 00000034 T printf
0010c4e8 000000e0 T _puts_r
0010c5c8 00000018 T puts
0010c5e0 000000e8 T memset
0010c6c8 00000070 T _fwalk_sglue
0010c738 0000000c T __malloc_lock
0010c744 0000000c T __malloc_unlock
0010c750 00000004 W __call_exitprocs
0010c754 00000030 T exit
0010c784 000000c4 T strncpy
0010c848 00000084 T __libc_init_array
0010c8cc 00000228 T __sflush_r
0010caf4 00000094 T _fflush_r
0010cb88 00000480 T __sfvwrite_r
0010d008 00000150 T _memalign_r
0010d158 000000e0 T memchr
0010d238 00000108 T __swbuf_r
0010d340 0000003c T __libc_fini_array
0010d37c 00000044 T __sread
0010d3c0 00000068 T __swrite
0010d428 00000040 T __sseek
0010d468 00000008 T __sclose
0010d470 00000148 T _fclose_r
0010d5b8 000005e4 t get_arg
0010dba0 0000342c T _vfprintf_r
00110fcc 000000b8 t __sbprintf
00111084 00000144 T __smakebuf_r
001111c8 0000008c T __swhatbuf_r
00111254 000001b4 t quorem
00111408 00001370 T _dtoa_r
00112778 000000a0 T _wcrtomb_r
00112818 000004a4 T _realloc_r
00112cbc 00000028 T _wcsrtombs_r
00112ce4 00000194 T __swsetup_r
00112e78 00000088 T frexp
00112f00 00000160 T memmove
00113060 0000005c T __assert_func
001130bc 00000088 T _Balloc
00113144 0000001c T _Bfree
00113160 000000f4 T __multadd
00113254 00000080 T __hi0bits
001132d4 000000f4 T __lo0bits
001133c8 000000a4 T __i2b
0011346c 00000208 T __multiply
00113674 00000130 T __pow5mult
001137a4 00000138 T __lshift
001138dc 00000058 T __mcmp
00113934 000001f0 T __mdiff
00113b24 00000120 T __d2b
00113c44 00000024 T __locale_mb_cur_max
00113c68 0000003c T fiprintf
00113ca4 00000160 T _wcsnrtombs_l
00113e04 00000064 T _wcsnrtombs_r
00113e68 00000324 T __utf8_mbtowc
0011418c 00000030 T __sprint_r
001141bc 00000014 T abort
001141d0 00000024 T _localeconv_r
001141f4 000000c0 T _calloc_r
001142b4 000000f0 T __utf8_wctomb
001143a4 00000130 T strchr
001144d4 00000090 T _raise_r
00114564 00000018 T raise
0011457c 000005e4 t get_arg
00114b60 00002264 T _vfiprintf_r
00116dc4 000000b8 t __sbprintf
00116e7c 00000020 T _exit
00116e9c 0000013c T chdir
00116fd8 000001cc T _concatenate_path
001171a4 00000088 T _fstat_r
0011722c 00000014 T _getpid_r
00117240 0000002c T __getreent
0011726c 0000003c T __get_handle
001172a8 000000f4 T _close_r
0011739c 00000008 t null_write
001173a4 00000018 T setDefaultDevice
001173bc 000000c8 T FindDevice
00117484 00000028 T RemoveDevice
001174ac 00000098 T AddDevice
00117544 00000020 T GetDeviceOpTab
00117564 00000008 T _isatty_r
0011756c 00000014 T _kill_r
00117580 0000008c T _lseek_r
0011760c 00000088 T _read_r
00117694 00000078 W _sbrk_r
0011770c 0000001c T __libc_lock_acquire
00117728 0000001c T __libc_lock_release
00117744 0000001c T __libc_lock_acquire_recursive
00117760 0000001c T __libc_lock_release_recursive
0011777c 00000088 T _write_r
00117804 00000048 T strrchr
0011784c T _fini
00118534 r .LC2
00118710 00000080 r dotab_stdout
00118790 00000018 r grayScale
001187a8 00000006 r colorCube
001187b0 00000030 r colorTable
001187fc 00000008 r morton_y.2
00118804 00000008 r morton_x.3
0011880c 00000008 r s_sleepWakeEvents.4
00118814 R default_font_bin
00119014 R default_font_bin_end
00119014 00000030 r error_table
00119044 00000080 r archive_devoptab
001190c4 00000101 R _ctype_
001192ec 00000010 r zeroes.0
001192fc 00000010 r blanks.1
00119314 0000006c R __action_table
00119380 0000006c R __state_table
001193ec 00000100 R __chclass
001194ec 0000000c r p05.0
001194f8 00000028 R __mprec_bigtens
00119520 000000c8 R __mprec_tens
001196d4 00000010 r zeroes.0
001196e4 00000010 r blanks.1
001196f4 00000080 R dotab_stdnull
00119774 R __tdata_align
00119778 r __EH_FRAME_BEGIN__
00119778 R __exidx_end
00119778 R __exidx_start
0011a000 00000010 D pacman
0011a010 00000001 d firstConsoleInit.0
0011a014 00000004 D currentConsole
0011a018 00000048 D defaultConsole
0011a060 00000004 d aptChainloadDeliverArgSize
0011a064 00000004 d kCount
0011a068 00000004 d kInterval
0011a06c 00000004 d kDelay
0011a070 W __stacksize__
0011a074 00000004 D _impure_ptr
0011a078 00000120 D _impure_data
0011a198 0000000c D __sglue
0011a1a4 00000004 D __malloc_sbrk_base
0011a1a8 00000004 D __malloc_trim_threshold
0011a1b0 00000408 D __malloc_av_
0011a5b8 0000016c D __global_locale
0011a724 00000400 d _current_working_directory
0011ab28 00001000 d handles
0011bb28 0000000c d __stderr_handle
0011bb34 0000000c d __stdout_handle
0011bb40 0000000c d __stdin_handle
0011bb4c 0000008c D devoptab_list
0011bbd8 00000004 d defaultDevice
0011bbe4 d _GLOBAL_OFFSET_TABLE_
0011bbf0 d __frame_dummy_init_array_entry
0011bbf0 D __init_array_start
0011bbf0 B __preinit_array_end
0011bbf0 B __preinit_array_start
0011bbf0 D __tdata_lma
0011bbf0 D __tdata_lma_end
0011bbf4 d __do_global_dtors_aux_fini_array_entry
0011bbf4 D __fini_array_start
0011bbf4 D __init_array_end
0011bbf8 D __bss_start__
0011bbf8 D __fini_array_end
0011bbf8 000003fc B gameMaze
0011bff4 00000048 B topScreen
0011c03c 00000048 B bottomScreen
0011c084 b completed.1
0011c088 b object.0
0011c0a0 0000001c b escapeSeq
0011c0bc 00000048 B currentCopy
0011c104 00000004 b screenAlloc
0011c108 00000004 b screenFree
0011c10c 00000002 b gfxIsDoubleBuf
0011c110 00000002 b gfxCurBuf
0011c112 00000001 b gfxIsVram
0011c113 00000001 b gfxTopMode
0011c114 00000002 b gfxFramebufferFormats
0011c118 00000004 b gfxBottomFramebufferMaxSize
0011c11c 00000004 b gfxTopFramebufferMaxSize
0011c120 00000008 b gfxBottomFramebuffers
0011c128 00000008 b gfxTopFramebuffers
0011c130 00000001 b flagValue.0
0011c131 00000001 b flagInit.1
0011c134 00000004 b serviceName.6
0011c138 00000001 b aptChainloadFlags
0011c139 00000001 b aptChainloadMediatype
0011c13c 00000020 b aptChainloadHmac
0011c15c 00000300 b aptChainloadDeliverArg
0011c460 00000008 b aptChainloadTid
0011c468 00001000 b aptParameters
0011d468 00000004 b aptFlags
0011d46c 00000001 b aptHomeButtonState
0011d470 00000004 b aptMessageFuncData
0011d474 00000004 b aptMessageFunc
0011d478 0000000c b aptFirstHook
0011d484 00000001 b aptEventHandlerThreadQuit
0011d488 00000004 b aptEventHandlerThread
0011d48c 00000008 b aptSleepEvent
0011d494 00000008 b aptReceiveEvent
0011d49c 00000008 b aptEvents
0011d4a4 00000004 b aptLockHandle
0011d4a8 00000004 b aptRefCount
0011d4ac 00000007 b gspEventCbOneShot
0011d4b4 0000001c b gspEventCbData
0011d4d0 0000001c b gspEventCb
0011d4ec 00000038 b gspEvents
0011d524 00000004 b gspLastEvent
0011d528 00000001 b gspRunEvents
0011d52c 00000004 b gspEventThread
0011d530 00000004 b gspEvent
0011d534 00000001 b gspGpuRight
0011d535 00000001 b gspThreadId
0011d538 00000004 b gspSharedMem
0011d53c 00000004 b gspSharedMemHandle
0011d540 00000004 b gspRefCount
0011d544 00000004 b gspGpuHandle
0011d548 00000001 b usingIrrst
0011d54c 00000004 b hidRefCount
0011d550 00000006 b gRate
0011d558 00000006 b aVec
0011d560 00000004 b cPos
0011d564 00000004 b tPos
0011d568 00000004 b kRepeat
0011d56c 00000004 b kUp
0011d570 00000004 b kDown
0011d574 00000004 b kHeld
0011d578 00000004 b kOld
0011d57c 00000004 B hidSharedMem
0011d580 00000014 B hidEvents
0011d594 00000004 B hidMemHandle
0011d598 00000004 B hidHandle
0011d59c 00000004 b irrstRefCount
0011d5a0 00000004 b csPos
0011d5a4 00000004 b kHeld
0011d5a8 00000004 B irrstSharedMem
0011d5ac 00000004 B irrstEvent
0011d5b0 00000004 B irrstMemHandle
0011d5b4 00000004 B irrstHandle
0011d5b8 00000004 B __system_retAddr
0011d5bc 00000004 B __system_argv
0011d5c0 00000004 B __system_argc
0011d5c4 b saved_stack
0011d5d0 00000008 b sLinearPool
0011d5d8 0000000c b sAddrMap
0011d5e8 00000008 b sVramPoolB
0011d5f0 00000008 b sVramPoolA
0011d5f8 0000000c b sAddrMap
0011d604 00000004 B __3dslink_host
0011d608 00000001 V __ctru_speedup
0011d60c 00000004 b srvRefCount
0011d610 00000004 b srvHandle
0011d614 00000004 b arbiter
0011d618 00000004 b currentAddr
0011d61c 00000004 b maxAddr
0011d620 00000004 b minAddr
0011d624 00000004 b ptmSysmRefCount
0011d628 00000004 b ptmSysmHandle
0011d62c 00000004 b srvPmHandle
0011d630 00000004 V __ctru_linear_heap_size
0011d634 00000004 V __ctru_heap_size
0011d638 00000004 B __ctru_linear_heap
0011d63c 00000004 B __ctru_heap
0011d640 000005c0 b archive_devices
0011dc00 00000004 b archive_device_cwd
0011dc04 00000001 b archive_initialized
0011dc08 00000080 b fsExemptArchives
0011dc88 00000004 b fsuRefCount
0011dc8c 00000004 b fsuHandle
0011dc90 0000000c b __sfp_recursive_mutex
0011dca0 00000168 B __sf
0011de08 00000004 B __stdio_exit_handler
0011de0c 00000028 B __malloc_current_mallinfo
0011de34 00000004 B __malloc_max_total_mem
0011de38 00000004 B __malloc_max_sbrked_mem
0011de3c 00000004 B __malloc_top_pad
0011de40 0000000c b __malloc_recursive_mutex
0011de4c 00000400 b temp_cwd
0011e24c 00000004 b __hndl_lock
0011e250 00000004 B fake_heap_start
0011e254 00000004 B fake_heap_end
0011e258 00000004 b heap_start.0
0011e25c B __tls_start
0011ee64 B __bss_end__
0011ee64 A __end__
0011ee64 B __tls_end
