         w __deregister_frame_info
         w __register_frame_info
         w userAppExit
         w userAppInit
00000000 b _TLS_MODULE_BASE_
00000000 00000802 B __ctru_dev_utf16_buf
00000000 A __sync_synchronize
00000000 a shift
00000000 a shift
00000804 00000401 B __ctru_dev_path_buf
00100000 A __start__
00100000 T _start
00100008 T __service_ptr
0010000c T __apt_appid
00100010 T __heap_size
00100014 T __linear_heap_size
00100018 T __system_arglist
0010001c T __system_runflags
00100020 t startup
00100058 t ClearMem
0010006c t ClrLoop
00100094 T _init
001000ac T __aeabi_idiv
001000ac 00000220 T __divsi3
001000b4 t .divsi3_skip_div0_test
001002cc 00000020 T __aeabi_idivmod
001002ec 00000004 W __aeabi_idiv0
001002ec 00000004 W __aeabi_ldiv0
001002f0 T __aeabi_uldivmod
00100348 00000390 T strcmp
001006d0 t .udivsi3_skip_div0_test
001006d0 T __aeabi_uidiv
001006d0 000001ec T __udivsi3
001008bc 00000020 T __aeabi_uidivmod
001008dc t __do_global_dtors_aux
0010091c t frame_dummy
00100948 0000006c T main
001009b4 0000045c t consoleHandleColorEsc
00100e10 000000b8 t consoleColorStateShift
00100ec8 000001ac T consoleDrawChar
00101074 0000011c T consolePrintChar
00101190 000005ec T con_write
0010177c 00000124 t newRow
001018a0 0000018c T consoleInit
00101a2c 000000d0 t gfxPresentFramebuffer
00101afc 0000001c T gfxIsWide
00101b18 000000ec T gfxSetScreenFormat
00101c04 00000010 T gfxSetDoubleBuffering
00101c14 000000d8 T gfxInit
00101cec 00000010 T gfxInitDefault
00101cfc 000000b4 T gfxExit
00101db0 000000a0 T gfxGetFramebuffer
00101e50 00000100 T gfxFlushBuffers
00101f50 00000050 T gfxSwapBuffers
00101fa0 00000050 T gfxSwapBuffersGpu
00101ff0 000001b0 t aptConvertScreenForCapture
001021a0 00000008 W aptDspSleep
001021a8 00000004 W aptDspWakeup
001021ac 00000004 W aptDspCancel
001021b0 00000158 T aptSendCommand
00102308 00000044 t aptExitProcess
0010234c 00000380 T aptExit
001026cc 000000d8 T aptHandleSleep
001027a4 00000084 T APT_SleepIfShellClosed
00102828 00000078 T aptSetSleepAllowed
001028a0 00000084 T APT_UnlockTransition
00102928 00000478 t aptEventHandler
00102da0 000000b0 T APT_ReceiveParameter
00102e50 000000ac t aptReceiveParameter.constprop.0
00102f00 00000294 t aptScreenTransfer
00103194 000002c8 t aptWaitForWakeUp.isra.0
0010345c 000000f4 T aptJumpToHomeMenu
00103550 00000048 T aptMainLoop
00103598 0000022c T aptInit
001037c4 0000007c T APT_CheckNew3DS
00103840 00000c70 t gspHardwareInit
001044b0 00000248 T gspInit
001046f8 000000e4 T gspExit
001047dc 00000010 T gspHasGpuRight
001047ec 000000a0 T gspPresentBuffer
0010488c 00000044 T gspWaitForEvent
001048d0 00000004 W gxCmdQueueInterrupt
001048d4 00000160 t gspEventThreadMain
00104a34 00000050 T GSPGPU_FlushDataCache
00104a84 00000034 T GSPGPU_SetLcdForceBlack
00104ab8 00000068 T GSPGPU_AcquireRight
00104b20 00000048 T GSPGPU_ReleaseRight
00104b68 0000007c T GSPGPU_ImportDisplayCaptureInfo
00104be4 0000002c T GSPGPU_SaveVramSysArea
00104c10 0000002c T GSPGPU_RestoreVramSysArea
00104c3c 00000024 W hidShouldUseIrrst
00104c60 0000018c T hidInit
00104dec 000000e8 T hidExit
00104ed4 000002a4 T hidScanInput
00105178 00000010 T hidKeysDown
00105188 00000160 T irrstInit
001052e8 000000cc T irrstExit
001053b4 000000b4 T irrstScanInput
00105468 00000024 T irrstKeysHeld
0010548c 00000038 W __libctru_init
001054c4 00000160 W __system_initArgv
00105624 00000030 T __syscall_getreent
00105654 00000004 T __syscall_lock_acquire
00105658 00000004 T __syscall_lock_release
0010565c 00000004 T __syscall_lock_acquire_recursive
00105660 00000004 T __syscall_lock_release_recursive
00105664 00000004 T __syscall_exit
00105668 00000050 T initThreadVars
001056b8 00000080 T __system_initSyscalls
00105738 T svcControlMemory
00105758 T svcQueryMemory
00105788 T svcExitProcess
00105790 T svcCreateThread
001057b0 T svcExitThread
001057b8 T svcSleepThread
001057c0 T svcReleaseMutex
001057c8 T svcCreateEvent
001057dc T svcSignalEvent
001057e4 T svcClearEvent
001057ec T svcMapMemoryBlock
001057f4 T svcUnmapMemoryBlock
001057fc T svcCreateAddressArbiter
00105810 T svcArbitrateAddressNoTimeout
00105818 T svcCloseHandle
00105820 T svcWaitSynchronization
00105828 T svcWaitSynchronizationN
00105850 T svcDuplicateHandle
00105864 T svcConnectToPort
00105878 T svcSendSyncRequest
00105880 T svcGetResourceLimit
00105894 T svcGetResourceLimitLimitValues
0010589c T svcGetResourceLimitCurrentValues
001058a4 T svcBreak
001058ac W initSystem
001058fc W __ctru_exit
00105910 00000024 t addrMapNodeComparator(rbtree_node const*, rbtree_node const*)
00105934 00000004 t addrMapNodeDestructor(rbtree_node*)
00105938 00000120 T linearMemAlign
00105a58 00000008 T linearAlloc
00105a60 0000005c T linearFree
00105abc 00000084 T MemPool::CoalesceRight(MemBlock*)
00105b40 00000150 T MemPool::Allocate(MemChunk&, unsigned long, int)
00105c90 000000fc T MemPool::Deallocate(MemChunk const&)
00105d8c 00000030 T MemPool::GetFreeSpace()
00105dbc 00000024 t addrMapNodeComparator(rbtree_node const*, rbtree_node const*)
00105de0 00000004 t addrMapNodeDestructor(rbtree_node*)
00105de4 00000244 T vramMemAlignAt
00106028 0000000c T vramAlloc
00106034 00000090 T vramFree
001060c4 00000084 W envGetHandle
00106148 00000050 W envDestroyHandles
00106198 00000034 T __ctru_speedup_config
001061cc 0000012c T srvInit
001062f8 00000058 T srvExit
00106350 00000060 T srvEnableNotification
001063b0 000000a0 T srvGetServiceHandleDirect
00106450 00000038 T srvGetServiceHandle
00106488 00000034 T srvSubscribe
001064bc 00000060 T srvReceiveNotification
0010651c 00000038 T srvPublishToSubscriber
00106554 0000000c T __sync_init
00106560 00000018 T __sync_fini
00106578 0000002c T syncArbitrateAddress
001065a4 000000b0 T LightLock_Lock
00106654 00000040 T LightLock_Unlock
00106694 00000030 T RecursiveLock_Lock
001066c4 00000054 T RecursiveLock_Unlock
00106718 00000040 T LightEvent_Init
00106758 000000a4 T LightEvent_Clear
001067fc 000000c8 T LightEvent_Signal
001068c4 00000050 T LightEvent_TryWait
00106914 000000a0 T LightEvent_Wait
001069b4 000001d4 T threadCreate
00106b88 0000002c T threadFree
00106bb4 00000024 T threadJoin
00106bd8 00000030 T threadGetCurrent
00106c08 00000040 T threadExit
00106c48 00000020 t _thread_begin
00106c68 00000090 t mappableFindAddressWithin
00106cf8 00000028 T mappableInit
00106d20 00000080 T mappableAlloc
00106da0 00000004 T mappableFree
00106da4 00000074 T ptmSysmInit
00106e18 0000003c T ptmSysmExit
00106e54 00000034 T PTMSYSM_ConfigureNew3DSCPU
00106e88 0000000c T srvPmGetSessionHandle
00106e94 00000074 T rbtree_find
00106f08 00000010 T rbtree_init
00106f18 0000019c t do_insert
001070b4 00000008 T rbtree_insert
001070bc 00000310 T rbtree_remove
001073cc 00000090 T rbtree_rotate
00107460 000001e0 W __system_allocateHeaps
00107640 00000030 W __appExit
00107670 00000030 W __appInit
001076a0 00000090 W __libctru_exit
00107730 00000014 t archive_link
00107744 00000014 t archive_dirreset
00107758 00000014 t archive_chmod
0010776c 00000024 t error_cmp
00107790 00000050 t archive_translate_error
001077e0 000000c4 t archive_seek
001078a4 00000078 t _archiveInit.part.0
0010791c 000000c4 t archiveFindDevice.part.0
001079e0 00000290 t archive_utf16path
00107c70 0000009c t _archiveUnmountDeviceStruct.part.0
00107d0c 00000014 t archive_statvfs
00107d20 00000014 t archive_fchmod
00107d34 00000168 t _archiveMountDevice
00107e9c 000000e8 t archive_diropen
00107f84 000000a4 t archive_fstat
00108028 0000006c t archive_fsync
00108094 0000006c t archive_close
00108100 00000070 t archive_dirclose
00108170 000000e4 t sdmc_statvfs
00108254 000000ec t archive_chdir
00108340 0000007c t archive_ftruncate
001083bc 000000ac t archive_read
00108468 000000a4 t archive_unlink
0010850c 000000bc t archive_rmdir
001085c8 000000dc t archive_mkdir
001086a4 00000194 t archive_stat
00108838 0000015c t archive_dirnext
00108994 00000124 t archive_write
00108ab8 00000210 t archive_open
00108cc8 00000268 t archive_rename
00108f30 0000019c T archiveMountSdmc
001090cc 00000054 T archiveUnmountAll
00109120 000000d0 T fsInit
001091f0 0000003c T fsExit
0010922c 00000060 T fsExemptFromSession
0010928c 00000050 T fsUnexemptFromSession
001092dc 000000cc T FSUSER_OpenFile
001093a8 000000bc T FSUSER_DeleteFile
00109464 000000f8 T FSUSER_RenameFile
0010955c 000000bc T FSUSER_DeleteDirectory
00109618 000000d4 T FSUSER_CreateFile
001096ec 000000c4 T FSUSER_CreateDirectory
001097b0 000000f8 T FSUSER_RenameDirectory
001098a8 000000b4 T FSUSER_OpenDirectory
0010995c 00000094 T FSUSER_OpenArchive
001099f0 0000008c T FSUSER_CloseArchive
00109a7c 00000074 T FSUSER_GetSdmcArchiveResource
00109af0 00000064 T FSUSER_IsSdmcWritable
00109b54 00000058 T FSFILE_Read
00109bac 00000060 T FSFILE_Write
00109c0c 00000038 T FSFILE_GetSize
00109c44 00000028 T FSFILE_SetSize
00109c6c 0000003c T FSFILE_Close
00109ca8 00000024 T FSFILE_Flush
00109ccc 00000050 T FSDIR_Read
00109d1c 0000003c T FSDIR_Close
00109d58 0000005c T rbtree_node_next
00109db4 0000013c T decode_utf8
00109ef0 000000e8 T utf16_to_utf8
00109fd8 000000c0 T utf8_to_utf16
0010a098 T __aeabi_read_tp
0010a0a4 00000064 T decode_utf16
0010a108 00000054 T encode_utf16
0010a15c 000000e0 T encode_utf8
0010a23c 00000120 T __udivmoddi4
0010a35c 000000d8 T strncmp
0010a434 0000005c T strlen
0010a490 000001e4 t _strtoul_l.isra.0
0010a674 00000034 T strtoul
0010a6a8 000000e4 T strncat
0010a78c 00000078 T bsearch
0010a804 00000020 T memalign
0010a824 0000001c t stdio_exit_handler
0010a840 0000005c t cleanup_stdio
0010a89c 00000154 t global_stdio_init.part.0
0010a9f0 0000005c T __sinit
0010aa4c 0000000c T __sfp_lock_acquire
0010aa58 0000000c T __sfp_lock_release
0010aa64 000007e8 T _malloc_r
0010b24c 000000f8 T _malloc_trim_r
0010b344 00000300 T _free_r
0010b644 00000294 T setvbuf
0010b8d8 0000004c T strnlen
0010b924 0000000c T __errno
0010b930 00000034 T malloc
0010b964 00000018 T free
0010b97c 00000130 T memcpy
0010baac 00000034 T printf
0010bae0 000000e8 T memset
0010bbc8 00000070 T _fwalk_sglue
0010bc38 0000000c T __malloc_lock
0010bc44 0000000c T __malloc_unlock
0010bc50 00000004 W __call_exitprocs
0010bc54 00000030 T exit
0010bc84 000000c4 T strncpy
0010bd48 00000084 T __libc_init_array
0010bdcc 00000228 T __sflush_r
0010bff4 00000094 T _fflush_r
0010c088 00000150 T _memalign_r
0010c1d8 0000003c T __libc_fini_array
0010c214 00000044 T __sread
0010c258 00000068 T __swrite
0010c2c0 00000040 T __sseek
0010c300 00000008 T __sclose
0010c308 00000148 T _fclose_r
0010c450 000005e4 t get_arg
0010ca38 0000342c T _vfprintf_r
0010fe64 000000b8 t __sbprintf
0010ff1c 00000144 T __smakebuf_r
00110060 0000008c T __swhatbuf_r
001100ec 000001b4 t quorem
001102a0 00001370 T _dtoa_r
00111610 000000a0 T _wcrtomb_r
001116b0 00000028 T _wcsrtombs_r
001116d8 00000194 T __swsetup_r
00111870 00000088 T frexp
001118f8 0000005c T __assert_func
00111954 00000088 T _Balloc
001119dc 0000001c T _Bfree
001119f8 000000f4 T __multadd
00111aec 00000080 T __hi0bits
00111b6c 000000f4 T __lo0bits
00111c60 000000a4 T __i2b
00111d04 00000208 T __multiply
00111f0c 00000130 T __pow5mult
0011203c 00000138 T __lshift
00112174 00000058 T __mcmp
001121cc 000001f0 T __mdiff
001123bc 00000120 T __d2b
001124dc 00000024 T __locale_mb_cur_max
00112500 0000003c T fiprintf
0011253c 000000e0 T memchr
0011261c 00000160 T _wcsnrtombs_l
0011277c 00000064 T _wcsnrtombs_r
001127e0 00000324 T __utf8_mbtowc
00112b04 00000030 T __sprint_r
00112b34 00000014 T abort
00112b48 00000024 T _localeconv_r
00112b6c 000000c0 T _calloc_r
00112c2c 000000f0 T __utf8_wctomb
00112d1c 00000130 T strchr
00112e4c 00000160 T memmove
00112fac 00000090 T _raise_r
0011303c 00000018 T raise
00113054 00000480 T __sfvwrite_r
001134d4 000005e4 t get_arg
00113ab8 00002264 T _vfiprintf_r
00115d1c 000000b8 t __sbprintf
00115dd4 000004a4 T _realloc_r
00116278 00000020 T _exit
00116298 0000013c T chdir
001163d4 000001cc T _concatenate_path
001165a0 00000088 T _fstat_r
00116628 00000014 T _getpid_r
0011663c 0000002c T __getreent
00116668 0000003c T __get_handle
001166a4 000000f4 T _close_r
00116798 00000008 t null_write
001167a0 00000018 T setDefaultDevice
001167b8 000000c8 T FindDevice
00116880 00000028 T RemoveDevice
001168a8 00000098 T AddDevice
00116940 00000020 T GetDeviceOpTab
00116960 00000008 T _isatty_r
00116968 00000014 T _kill_r
0011697c 0000008c T _lseek_r
00116a08 00000088 T _read_r
00116a90 00000078 W _sbrk_r
00116b08 0000001c T __libc_lock_acquire
00116b24 0000001c T __libc_lock_release
00116b40 0000001c T __libc_lock_acquire_recursive
00116b5c 0000001c T __libc_lock_release_recursive
00116b78 00000088 T _write_r
00116c00 00000048 T strrchr
00116c48 T _fini
001170f0 r .LC2
001172d0 00000080 r dotab_stdout
00117350 00000018 r grayScale
00117368 00000006 r colorCube
00117370 00000030 r colorTable
001173bc 00000008 r morton_y.2
001173c4 00000008 r morton_x.3
001173cc 00000008 r s_sleepWakeEvents.4
001173d4 R default_font_bin
00117bd4 R default_font_bin_end
00117bd4 00000030 r error_table
00117c04 00000080 r archive_devoptab
00117c84 00000101 R _ctype_
00117eac 00000010 r zeroes.0
00117ebc 00000010 r blanks.1
00117ed4 0000006c R __action_table
00117f40 0000006c R __state_table
00117fac 00000100 R __chclass
001180ac 0000000c r p05.0
001180b8 00000028 R __mprec_bigtens
001180e0 000000c8 R __mprec_tens
00118294 00000010 r zeroes.0
001182a4 00000010 r blanks.1
001182b4 00000080 R dotab_stdnull
00118334 R __tdata_align
00118338 r __EH_FRAME_BEGIN__
00118338 R __exidx_end
00118338 R __exidx_start
00119000 00000001 d firstConsoleInit.0
00119004 00000004 D currentConsole
00119008 00000048 D defaultConsole
00119050 00000004 d aptChainloadDeliverArgSize
00119054 00000004 d kCount
00119058 00000004 d kInterval
0011905c 00000004 d kDelay
00119060 W __stacksize__
00119064 00000004 D _impure_ptr
00119068 00000120 D _impure_data
00119188 0000000c D __sglue
00119194 00000004 D __malloc_sbrk_base
00119198 00000004 D __malloc_trim_threshold
001191a0 00000408 D __malloc_av_
001195a8 0000016c D __global_locale
00119714 00000400 d _current_working_directory
00119b18 00001000 d handles
0011ab18 0000000c d __stderr_handle
0011ab24 0000000c d __stdout_handle
0011ab30 0000000c d __stdin_handle
0011ab3c 0000008c D devoptab_list
0011abc8 00000004 d defaultDevice
0011abd4 d _GLOBAL_OFFSET_TABLE_
0011abe0 d __frame_dummy_init_array_entry
0011abe0 D __init_array_start
0011abe0 B __preinit_array_end
0011abe0 B __preinit_array_start
0011abe0 D __tdata_lma
0011abe0 D __tdata_lma_end
0011abe4 d __do_global_dtors_aux_fini_array_entry
0011abe4 D __fini_array_start
0011abe4 D __init_array_end
0011abe8 D __bss_start__
0011abe8 D __fini_array_end
0011abe8 b completed.1
0011abec b object.0
0011ac04 0000001c b escapeSeq
0011ac20 00000048 B currentCopy
0011ac68 00000004 b screenAlloc
0011ac6c 00000004 b screenFree
0011ac70 00000002 b gfxIsDoubleBuf
0011ac74 00000002 b gfxCurBuf
0011ac76 00000001 b gfxIsVram
0011ac77 00000001 b gfxTopMode
0011ac78 00000002 b gfxFramebufferFormats
0011ac7c 00000004 b gfxBottomFramebufferMaxSize
0011ac80 00000004 b gfxTopFramebufferMaxSize
0011ac88 00000008 b gfxBottomFramebuffers
0011ac90 00000008 b gfxTopFramebuffers
0011ac98 00000001 b flagValue.0
0011ac99 00000001 b flagInit.1
0011ac9c 00000004 b serviceName.6
0011aca0 00000001 b aptChainloadFlags
0011aca1 00000001 b aptChainloadMediatype
0011aca4 00000020 b aptChainloadHmac
0011acc4 00000300 b aptChainloadDeliverArg
0011afc8 00000008 b aptChainloadTid
0011afd0 00001000 b aptParameters
0011bfd0 00000004 b aptFlags
0011bfd4 00000001 b aptHomeButtonState
0011bfd8 00000004 b aptMessageFuncData
0011bfdc 00000004 b aptMessageFunc
0011bfe0 0000000c b aptFirstHook
0011bfec 00000001 b aptEventHandlerThreadQuit
0011bff0 00000004 b aptEventHandlerThread
0011bff4 00000008 b aptSleepEvent
0011bffc 00000008 b aptReceiveEvent
0011c004 00000008 b aptEvents
0011c00c 00000004 b aptLockHandle
0011c010 00000004 b aptRefCount
0011c014 00000007 b gspEventCbOneShot
0011c01c 0000001c b gspEventCbData
0011c038 0000001c b gspEventCb
0011c054 00000038 b gspEvents
0011c08c 00000004 b gspLastEvent
0011c090 00000001 b gspRunEvents
0011c094 00000004 b gspEventThread
0011c098 00000004 b gspEvent
0011c09c 00000001 b gspGpuRight
0011c09d 00000001 b gspThreadId
0011c0a0 00000004 b gspSharedMem
0011c0a4 00000004 b gspSharedMemHandle
0011c0a8 00000004 b gspRefCount
0011c0ac 00000004 b gspGpuHandle
0011c0b0 00000001 b usingIrrst
0011c0b4 00000004 b hidRefCount
0011c0b8 00000006 b gRate
0011c0c0 00000006 b aVec
0011c0c8 00000004 b cPos
0011c0cc 00000004 b tPos
0011c0d0 00000004 b kRepeat
0011c0d4 00000004 b kUp
0011c0d8 00000004 b kDown
0011c0dc 00000004 b kHeld
0011c0e0 00000004 b kOld
0011c0e4 00000004 B hidSharedMem
0011c0e8 00000014 B hidEvents
0011c0fc 00000004 B hidMemHandle
0011c100 00000004 B hidHandle
0011c104 00000004 b irrstRefCount
0011c108 00000004 b csPos
0011c10c 00000004 b kHeld
0011c110 00000004 B irrstSharedMem
0011c114 00000004 B irrstEvent
0011c118 00000004 B irrstMemHandle
0011c11c 00000004 B irrstHandle
0011c120 00000004 B __system_retAddr
0011c124 00000004 B __system_argv
0011c128 00000004 B __system_argc
0011c12c b saved_stack
0011c138 00000008 b sLinearPool
0011c140 0000000c b sAddrMap
0011c150 00000008 b sVramPoolB
0011c158 00000008 b sVramPoolA
0011c160 0000000c b sAddrMap
0011c16c 00000004 B __3dslink_host
0011c170 00000001 V __ctru_speedup
0011c174 00000004 b srvRefCount
0011c178 00000004 b srvHandle
0011c17c 00000004 b arbiter
0011c180 00000004 b currentAddr
0011c184 00000004 b maxAddr
0011c188 00000004 b minAddr
0011c18c 00000004 b ptmSysmRefCount
0011c190 00000004 b ptmSysmHandle
0011c194 00000004 b srvPmHandle
0011c198 00000004 V __ctru_linear_heap_size
0011c19c 00000004 V __ctru_heap_size
0011c1a0 00000004 B __ctru_linear_heap
0011c1a4 00000004 B __ctru_heap
0011c1a8 000005c0 b archive_devices
0011c768 00000004 b archive_device_cwd
0011c76c 00000001 b archive_initialized
0011c770 00000080 b fsExemptArchives
0011c7f0 00000004 b fsuRefCount
0011c7f4 00000004 b fsuHandle
0011c7f8 0000000c b __sfp_recursive_mutex
0011c808 00000168 B __sf
0011c970 00000004 B __stdio_exit_handler
0011c974 00000028 B __malloc_current_mallinfo
0011c99c 00000004 B __malloc_max_total_mem
0011c9a0 00000004 B __malloc_max_sbrked_mem
0011c9a4 00000004 B __malloc_top_pad
0011c9a8 0000000c b __malloc_recursive_mutex
0011c9b4 00000400 b temp_cwd
0011cdb4 00000004 b __hndl_lock
0011cdb8 00000004 B fake_heap_start
0011cdbc 00000004 B fake_heap_end
0011cdc0 00000004 b heap_start.0
0011cdc4 B __tls_start
0011d9cc B __bss_end__
0011d9cc A __end__
0011d9cc B __tls_end
